app/build/intermediates/manifest_merge_blame_file/debug/manifest-merger-blame-debug-report.txt
1<?xml version="1.0" encoding="utf-8"?>
2<manifest xmlns:android="http://schemas.android.com/apk/res/android"
3    package="com.billexplain.app"
4    android:versionCode="1"
5    android:versionName="1.3.0" >
6
7    <uses-sdk
8        android:minSdkVersion="24"
9        android:targetSdkVersion="34" />
10
11    <uses-permission android:name="android.permission.INTERNET" />
11-->src\main\AndroidManifest.xml:4:5-67
11-->src\main\AndroidManifest.xml:4:22-64
12
13    <permission
13-->[androidx.core:core:1.12.0] AndroidManifest.xml:22:5-24:47
14        android:name="com.billexplain.app.DYNAMIC_RECEIVER_NOT_EXPORTED_PERMISSION"
14-->[androidx.core:core:1.12.0] AndroidManifest.xml:23:9-81
15        android:protectionLevel="signature" />
15-->[androidx.core:core:1.12.0] AndroidManifest.xml:24:9-44
16
17    <uses-permission android:name="com.billexplain.app.DYNAMIC_RECEIVER_NOT_EXPORTED_PERMISSION" />
17-->[androidx.core:core:1.12.0] AndroidManifest.xml:26:5-97
17-->[androidx.core:core:1.12.0] AndroidManifest.xml:26:22-94
18
19    <application
19-->src\main\AndroidManifest.xml:6:5-36:19
20        android:allowBackup="true"
20-->src\main\AndroidManifest.xml:7:9-35
21        android:appComponentFactory="androidx.core.app.CoreComponentFactory"
21-->[androidx.core:core:1.12.0] AndroidManifest.xml:28:18-86
22        android:debuggable="true"
23        android:extractNativeLibs="false"
24        android:icon="@mipmap/ic_launcher"
24-->src\main\AndroidManifest.xml:8:9-43
25        android:label="@string/app_name"
25-->src\main\AndroidManifest.xml:9:9-41
26        android:roundIcon="@mipmap/ic_launcher_round"
26-->src\main\AndroidManifest.xml:10:9-54
27        android:supportsRtl="true"
27-->src\main\AndroidManifest.xml:11:9-35
28        android:theme="@style/Theme.BillExplain" >
28-->src\main\AndroidManifest.xml:12:9-49
29        <activity
29-->src\main\AndroidManifest.xml:14:9-22:20
30            android:name="com.billexplain.app.activities.SplashActivity"
30-->src\main\AndroidManifest.xml:15:13-54
31            android:exported="true"
31-->src\main\AndroidManifest.xml:16:13-36
32            android:theme="@style/Theme.BillExplain.Splash" >
32-->src\main\AndroidManifest.xml:17:13-60
33            <intent-filter>
33-->src\main\AndroidManifest.xml:18:13-21:29
34                <action android:name="android.intent.action.MAIN" />
34-->src\main\AndroidManifest.xml:19:17-69
34-->src\main\AndroidManifest.xml:19:25-66
35
36                <category android:name="android.intent.category.LAUNCHER" />
36-->src\main\AndroidManifest.xml:20:17-77
36-->src\main\AndroidManifest.xml:20:27-74
37            </intent-filter>
38        </activity>
39        <activity
39-->src\main\AndroidManifest.xml:24:9-86
40            android:name="com.billexplain.app.activities.LoginActivity"
40-->src\main\AndroidManifest.xml:24:19-59
41            android:exported="false" />
41-->src\main\AndroidManifest.xml:24:60-84
42        <activity
42-->src\main\AndroidManifest.xml:25:9-89
43            android:name="com.billexplain.app.activities.RegisterActivity"
43-->src\main\AndroidManifest.xml:25:19-62
44            android:exported="false" />
44-->src\main\AndroidManifest.xml:25:63-87
45        <activity
45-->src\main\AndroidManifest.xml:26:9-85
46            android:name="com.billexplain.app.activities.MainActivity"
46-->src\main\AndroidManifest.xml:26:19-58
47            android:exported="false" />
47-->src\main\AndroidManifest.xml:26:59-83
48        <activity
48-->src\main\AndroidManifest.xml:27:9-91
49            android:name="com.billexplain.app.activities.BillDetailActivity"
49-->src\main\AndroidManifest.xml:27:19-64
50            android:exported="false" />
50-->src\main\AndroidManifest.xml:27:65-89
51        <activity
51-->src\main\AndroidManifest.xml:28:9-88
52            android:name="com.billexplain.app.activities.PaymentActivity"
52-->src\main\AndroidManifest.xml:28:19-61
53            android:exported="false" />
53-->src\main\AndroidManifest.xml:28:62-86
54        <activity
54-->src\main\AndroidManifest.xml:29:9-88
55            android:name="com.billexplain.app.activities.PremiumActivity"
55-->src\main\AndroidManifest.xml:29:19-61
56            android:exported="false" />
56-->src\main\AndroidManifest.xml:29:62-86
57        <activity
57-->src\main\AndroidManifest.xml:30:9-86
58            android:name="com.billexplain.app.activities.AIHubActivity"
58-->src\main\AndroidManifest.xml:30:19-59
59            android:exported="false" />
59-->src\main\AndroidManifest.xml:30:60-84
60        <activity
60-->src\main\AndroidManifest.xml:31:9-128
61            android:name="com.billexplain.app.activities.ChatActivity"
61-->src\main\AndroidManifest.xml:31:19-58
62            android:exported="false"
62-->src\main\AndroidManifest.xml:31:59-83
63            android:windowSoftInputMode="adjustResize" />
63-->src\main\AndroidManifest.xml:31:84-126
64        <activity
64-->src\main\AndroidManifest.xml:32:9-90
65            android:name="com.billexplain.app.activities.AnalyticsActivity"
65-->src\main\AndroidManifest.xml:32:19-63
66            android:exported="false" />
66-->src\main\AndroidManifest.xml:32:64-88
67        <activity
67-->src\main\AndroidManifest.xml:33:9-99
68            android:name="com.billexplain.app.activities.TransactionHistoryActivity"
68-->src\main\AndroidManifest.xml:33:19-72
69            android:exported="false" />
69-->src\main\AndroidManifest.xml:33:73-97
70        <activity
70-->src\main\AndroidManifest.xml:34:9-89
71            android:name="com.billexplain.app.activities.SettingsActivity"
71-->src\main\AndroidManifest.xml:34:19-62
72            android:exported="false" />
72-->src\main\AndroidManifest.xml:34:63-87
73
74        <provider
74-->[androidx.emoji2:emoji2:1.2.0] AndroidManifest.xml:24:9-32:20
75            android:name="androidx.startup.InitializationProvider"
75-->[androidx.emoji2:emoji2:1.2.0] AndroidManifest.xml:25:13-67
76            android:authorities="com.billexplain.app.androidx-startup"
76-->[androidx.emoji2:emoji2:1.2.0] AndroidManifest.xml:26:13-68
77            android:exported="false" >
77-->[androidx.emoji2:emoji2:1.2.0] AndroidManifest.xml:27:13-37
78            <meta-data
78-->[androidx.emoji2:emoji2:1.2.0] AndroidManifest.xml:29:13-31:52
79                android:name="androidx.emoji2.text.EmojiCompatInitializer"
79-->[androidx.emoji2:emoji2:1.2.0] AndroidManifest.xml:30:17-75
80                android:value="androidx.startup" />
80-->[androidx.emoji2:emoji2:1.2.0] AndroidManifest.xml:31:17-49
81            <meta-data
81-->[androidx.lifecycle:lifecycle-process:2.6.1] AndroidManifest.xml:29:13-31:52
82                android:name="androidx.lifecycle.ProcessLifecycleInitializer"
82-->[androidx.lifecycle:lifecycle-process:2.6.1] AndroidManifest.xml:30:17-78
83                android:value="androidx.startup" />
83-->[androidx.lifecycle:lifecycle-process:2.6.1] AndroidManifest.xml:31:17-49
84            <meta-data
84-->[androidx.profileinstaller:profileinstaller:1.3.0] AndroidManifest.xml:29:13-31:52
85                android:name="androidx.profileinstaller.ProfileInstallerInitializer"
85-->[androidx.profileinstaller:profileinstaller:1.3.0] AndroidManifest.xml:30:17-85
86                android:value="androidx.startup" />
86-->[androidx.profileinstaller:profileinstaller:1.3.0] AndroidManifest.xml:31:17-49
87        </provider>
88
89        <receiver
89-->[androidx.profileinstaller:profileinstaller:1.3.0] AndroidManifest.xml:34:9-52:20
90            android:name="androidx.profileinstaller.ProfileInstallReceiver"
90-->[androidx.profileinstaller:profileinstaller:1.3.0] AndroidManifest.xml:35:13-76
91            android:directBootAware="false"
91-->[androidx.profileinstaller:profileinstaller:1.3.0] AndroidManifest.xml:36:13-44
92            android:enabled="true"
92-->[androidx.profileinstaller:profileinstaller:1.3.0] AndroidManifest.xml:37:13-35
93            android:exported="true"
93-->[androidx.profileinstaller:profileinstaller:1.3.0] AndroidManifest.xml:38:13-36
94            android:permission="android.permission.DUMP" >
94-->[androidx.profileinstaller:profileinstaller:1.3.0] AndroidManifest.xml:39:13-57
95            <intent-filter>
95-->[androidx.profileinstaller:profileinstaller:1.3.0] AndroidManifest.xml:40:13-42:29
96                <action android:name="androidx.profileinstaller.action.INSTALL_PROFILE" />
96-->[androidx.profileinstaller:profileinstaller:1.3.0] AndroidManifest.xml:41:17-91
96-->[androidx.profileinstaller:profileinstaller:1.3.0] AndroidManifest.xml:41:25-88
97            </intent-filter>
98            <intent-filter>
98-->[androidx.profileinstaller:profileinstaller:1.3.0] AndroidManifest.xml:43:13-45:29
99                <action android:name="androidx.profileinstaller.action.SKIP_FILE" />
99-->[androidx.profileinstaller:profileinstaller:1.3.0] AndroidManifest.xml:44:17-85
99-->[androidx.profileinstaller:profileinstaller:1.3.0] AndroidManifest.xml:44:25-82
100            </intent-filter>
101            <intent-filter>
101-->[androidx.profileinstaller:profileinstaller:1.3.0] AndroidManifest.xml:46:13-48:29
102                <action android:name="androidx.profileinstaller.action.SAVE_PROFILE" />
102-->[androidx.profileinstaller:profileinstaller:1.3.0] AndroidManifest.xml:47:17-88
102-->[androidx.profileinstaller:profileinstaller:1.3.0] AndroidManifest.xml:47:25-85
103            </intent-filter>
104            <intent-filter>
104-->[androidx.profileinstaller:profileinstaller:1.3.0] AndroidManifest.xml:49:13-51:29
105                <action android:name="androidx.profileinstaller.action.BENCHMARK_OPERATION" />
105-->[androidx.profileinstaller:profileinstaller:1.3.0] AndroidManifest.xml:50:17-95
105-->[androidx.profileinstaller:profileinstaller:1.3.0] AndroidManifest.xml:50:25-92
106            </intent-filter>
107        </receiver>
108    </application>
109
110</manifest>